#
# A fatal error has been detected by the Java Runtime Environment:
#
#  EXCEPTION_ACCESS_VIOLATION (0xc0000005) at pc=0x00007ffc0312389d, pid=32732, tid=0x0000000000009cbc
#
# JRE version: Java(TM) SE Runtime Environment (8.0_251-b08) (build 1.8.0_251-b08)
# Java VM: Java HotSpot(TM) 64-Bit Server VM (25.251-b08 mixed mode windows-amd64 compressed oops)
# Problematic frame:
# C  [glfw.dll+0x389d]
#
# Failed to write core dump. Minidumps are not enabled by default on client versions of Windows
#
# If you would like to submit a bug report, please visit:
#   http://bugreport.java.com/bugreport/crash.jsp
# The crash happened outside the Java Virtual Machine in native code.
# See problematic frame for where to report the bug.
#

---------------  T H R E A D  ---------------

Current thread (0x000000001db0f800):  JavaThread "Thread-2" [_thread_in_native, id=40124, stack(0x000000002da30000,0x000000002db30000)]

siginfo: ExceptionCode=0xc0000005, reading address 0x0000000000ca7ee0

Registers:
RAX=0x0000000000000020, RBX=0x0000000000ca7e40, RCX=0x0000000000ca7e40, RDX=0x0000000000000020
RSP=0x000000002db2f340, RBP=0x000000002db2f3e0, RSI=0x0000000000000020, RDI=0x0000000000000130
R8 =0x0000000000ca7e40, R9 =0x0000000000000020, R10=0x00007ffc04431b20, R11=0x000000002db2ef0c
R12=0x0000000000000000, R13=0x000000002db2f4d8, R14=0x000000002db2f3c8, R15=0x000000001db0f800
RIP=0x00007ffc0312389d, EFLAGS=0x0000000000010293

Top of Stack: (sp=0x000000002db2f340)
0x000000002db2f340:   0000000000000000 00007ffc03165cb8
0x000000002db2f350:   000000000000001f 000000000000001f
0x000000002db2f360:   000000002db2f3d0 0000000002b8ee4f
0x000000002db2f370:   3ff00000c00000bb 0000000000000000
0x000000002db2f380:   000000076dd26ef8 00007ffc205d24e8
0x000000002db2f390:   00007ffc03123870 000000002a733b5c
0x000000002db2f3a0:   000000002db2f418 000000002a733ce8
0x000000002db2f3b0:   000000001f69a668 00000000660c0091
0x000000002db2f3c0:   0000000000000000 0000000773f24c08
0x000000002db2f3d0:   000000002db2f460 00000000027680e0
0x000000002db2f3e0:   000000002db2f520 0000000002bdd76c
0x000000002db2f3f0:   000000004151eb00 0000000000000000
0x000000002db2f400:   0000000000000000 0000000042480000
0x000000002db2f410:   0000000000000005 000000001db0f800
0x000000002db2f420:   000000002db2f401 000000001e60d4d0
0x000000002db2f430:   000000002db2f400 000000001f6a4960 

Instructions: (pc=0x00007ffc0312389d)
0x00007ffc0312387d:   33 d2 b9 01 00 01 00 e8 d7 e3 ff ff 33 c0 48 83
0x00007ffc0312388d:   c4 28 c3 8d 42 e0 3d 3c 01 00 00 77 2f 48 63 c2
0x00007ffc0312389d:   80 bc 01 80 00 00 00 03 75 12 c6 84 01 80 00 00
0x00007ffc031238ad:   00 00 b8 01 00 00 00 48 83 c4 28 c3 0f ae e8 0f 


Register to memory mapping:

RAX=0x0000000000000020 is an unknown value
RBX=0x0000000000ca7e40 is an unknown value
RCX=0x0000000000ca7e40 is an unknown value
RDX=0x0000000000000020 is an unknown value
RSP=0x000000002db2f340 is pointing into the stack for thread: 0x000000001db0f800
RBP=0x000000002db2f3e0 is pointing into the stack for thread: 0x000000001db0f800
RSI=0x0000000000000020 is an unknown value
RDI=0x0000000000000130 is an unknown value
R8 =0x0000000000ca7e40 is an unknown value
R9 =0x0000000000000020 is an unknown value
R10=0x00007ffc04431b20 is an unknown value
R11=0x000000002db2ef0c is pointing into the stack for thread: 0x000000001db0f800
R12=0x0000000000000000 is an unknown value
R13=0x000000002db2f4d8 is pointing into the stack for thread: 0x000000001db0f800
R14=0x000000002db2f3c8 is pointing into the stack for thread: 0x000000001db0f800
R15=0x000000001db0f800 is a thread


Stack: [0x000000002da30000,0x000000002db30000],  sp=0x000000002db2f340,  free space=1020k
Native frames: (J=compiled Java code, j=interpreted, Vv=VM code, C=native code)
C  [glfw.dll+0x389d]
C  0x0000000002b8ee4f

Java frames: (J=compiled Java code, j=interpreted, Vv=VM code)
J 1203  org.lwjgl.system.JNI.invokePI(JIJ)I (0 bytes) @ 0x0000000002b8edc9 [0x0000000002b8ed80+0x49]
J 1384 C1 com.bohdloss.fuckunclejack.input.InputManager.baseUpdate()V (181 bytes) @ 0x0000000002bdd76c [0x0000000002bdd4a0+0x2cc]
j  com.bohdloss.fuckunclejack.input.InputManager.gameUpdate()V+1
j  com.bohdloss.fuckunclejack.input.InputManager.run()V+37
v  ~StubRoutines::call_stub

---------------  P R O C E S S  ---------------

Java Threads: ( => current thread )
  0x000000001e660000 JavaThread "AWT-Shutdown" [_thread_blocked, id=33948, stack(0x000000001f380000,0x000000001f480000)]
=>0x000000001db0f800 JavaThread "Thread-2" [_thread_in_native, id=40124, stack(0x000000002da30000,0x000000002db30000)]
  0x000000001e298800 JavaThread "Thread-3" [_thread_in_native, id=3688, stack(0x0000000020a00000,0x0000000020b00000)]
  0x000000001df80800 JavaThread "TimerQueue" daemon [_thread_blocked, id=31012, stack(0x0000000020900000,0x0000000020a00000)]
  0x000000001ded2800 JavaThread "Java2D Disposer" daemon [_thread_blocked, id=29148, stack(0x000000001e690000,0x000000001e790000)]
  0x000000001d75b000 JavaThread "Service Thread" daemon [_thread_blocked, id=6680, stack(0x000000001db30000,0x000000001dc30000)]
  0x000000001bd93000 JavaThread "C1 CompilerThread2" daemon [_thread_blocked, id=37872, stack(0x000000001d630000,0x000000001d730000)]
  0x000000001bd8e000 JavaThread "C2 CompilerThread1" daemon [_thread_blocked, id=10772, stack(0x000000001d530000,0x000000001d630000)]
  0x000000001bd85800 JavaThread "C2 CompilerThread0" daemon [_thread_blocked, id=22324, stack(0x000000001d430000,0x000000001d530000)]
  0x000000001bd81800 JavaThread "Attach Listener" daemon [_thread_blocked, id=22840, stack(0x000000001d330000,0x000000001d430000)]
  0x000000001bd6a000 JavaThread "Finalizer" daemon [_thread_blocked, id=25008, stack(0x000000001d000000,0x000000001d100000)]
  0x0000000002754000 JavaThread "Reference Handler" daemon [_thread_blocked, id=26696, stack(0x000000001cf00000,0x000000001d000000)]
  0x0000000002664800 JavaThread "main" [_thread_blocked, id=36152, stack(0x0000000002560000,0x0000000002660000)]

Other Threads:
  0x000000001bd47800 VMThread [stack: 0x000000001ce00000,0x000000001cf00000] [id=30236]

VM state:at safepoint (normal execution)

VM Mutex/Monitor currently owned by a thread:  ([mutex/lock_event])
[0x0000000002661e50] Threads_lock - owner thread: 0x000000001bd47800

heap address: 0x00000006c1c00000, size: 4068 MB, Compressed Oops mode: Zero based, Oop shift amount: 3
Narrow klass base: 0x0000000000000000, Narrow klass shift: 3
Compressed class space size: 1073741824 Address: 0x00000007c0000000

Heap:
 PSYoungGen      total 141824K, used 62068K [0x000000076b400000, 0x0000000774900000, 0x00000007c0000000)
  eden space 131072K, 39% used [0x000000076b400000,0x000000076e624ff0,0x0000000773400000)
  from space 10752K, 99% used [0x0000000773e80000,0x00000007748f8280,0x0000000774900000)
  to   space 10752K, 0% used [0x0000000773400000,0x0000000773400000,0x0000000773e80000)
 ParOldGen       total 175104K, used 34383K [0x00000006c1c00000, 0x00000006cc700000, 0x000000076b400000)
  object space 175104K, 19% used [0x00000006c1c00000,0x00000006c3d93e00,0x00000006cc700000)
 Metaspace       used 18492K, capacity 18827K, committed 19200K, reserved 1067008K
  class space    used 1853K, capacity 1969K, committed 2048K, reserved 1048576K

Card table byte_map: [0x0000000011b20000,0x0000000012320000] byte_map_base: 0x000000000e512000

Marking Bits: (ParMarkBitMap*) 0x000000006675af90
 Begin Bits: [0x0000000012c70000, 0x0000000016c00000)
 End Bits:   [0x0000000016c00000, 0x000000001ab90000)

Polling page: 0x0000000000b80000

CodeCache: size=245760Kb used=4608Kb max_used=4614Kb free=241151Kb
 bounds [0x0000000002760000, 0x0000000002bf0000, 0x0000000011760000]
 total_blobs=2538 nmethods=1397 adapters=1053
 compilation: enabled

Compilation events (10 events):
Event: 6.690 Thread 0x000000001bd93000 1393       3       java.lang.invoke.LambdaForm$MH/142257191::linkToTargetMethod (8 bytes)
Event: 6.691 Thread 0x000000001bd93000 nmethod 1393 0x0000000002be4510 code [0x0000000002be4680, 0x0000000002be49d8]
Event: 6.691 Thread 0x000000001bd93000 1394       3       java.lang.invoke.LambdaForm$MH/135721597::identity_L (8 bytes)
Event: 6.691 Thread 0x000000001bd93000 nmethod 1394 0x0000000002be4050 code [0x0000000002be41c0, 0x0000000002be4430]
Event: 6.865 Thread 0x000000001bd93000 1395       1       com.bohdloss.fuckunclejack.logic.LockedBoolean::getValue (5 bytes)
Event: 6.865 Thread 0x000000001bd93000 nmethod 1395 0x0000000002be3d90 code [0x0000000002be3ee0, 0x0000000002be3ff0]
Event: 6.915 Thread 0x000000001bd93000 1396       1       com.bohdloss.fuckunclejack.hud.HUD::isInvOpen (5 bytes)
Event: 6.915 Thread 0x000000001bd93000 nmethod 1396 0x0000000002be3ad0 code [0x0000000002be3c20, 0x0000000002be3d30]
Event: 7.070 Thread 0x000000001bd93000 1397       3       com.bohdloss.fuckunclejack.render.CMath::limit (46 bytes)
Event: 7.070 Thread 0x000000001bd93000 nmethod 1397 0x0000000002be3590 code [0x0000000002be3700, 0x0000000002be3a50]

GC Heap History (8 events):
Event: 3.063 GC heap before
{Heap before GC invocations=1 (full 0):
 PSYoungGen      total 76288K, used 65536K [0x000000076b400000, 0x0000000770900000, 0x00000007c0000000)
  eden space 65536K, 100% used [0x000000076b400000,0x000000076f400000,0x000000076f400000)
  from space 10752K, 0% used [0x000000076fe80000,0x000000076fe80000,0x0000000770900000)
  to   space 10752K, 0% used [0x000000076f400000,0x000000076f400000,0x000000076fe80000)
 ParOldGen       total 175104K, used 0K [0x00000006c1c00000, 0x00000006cc700000, 0x000000076b400000)
  object space 175104K, 0% used [0x00000006c1c00000,0x00000006c1c00000,0x00000006cc700000)
 Metaspace       used 17071K, capacity 17389K, committed 17536K, reserved 1064960K
  class space    used 1763K, capacity 1862K, committed 1920K, reserved 1048576K
Event: 3.073 GC heap after
Heap after GC invocations=1 (full 0):
 PSYoungGen      total 76288K, used 10736K [0x000000076b400000, 0x0000000770900000, 0x00000007c0000000)
  eden space 65536K, 0% used [0x000000076b400000,0x000000076b400000,0x000000076f400000)
  from space 10752K, 99% used [0x000000076f400000,0x000000076fe7c260,0x000000076fe80000)
  to   space 10752K, 0% used [0x000000076fe80000,0x000000076fe80000,0x0000000770900000)
 ParOldGen       total 175104K, used 21732K [0x00000006c1c00000, 0x00000006cc700000, 0x000000076b400000)
  object space 175104K, 12% used [0x00000006c1c00000,0x00000006c3139378,0x00000006cc700000)
 Metaspace       used 17071K, capacity 17389K, committed 17536K, reserved 1064960K
  class space    used 1763K, capacity 1862K, committed 1920K, reserved 1048576K
}
Event: 3.213 GC heap before
{Heap before GC invocations=2 (full 0):
 PSYoungGen      total 76288K, used 74700K [0x000000076b400000, 0x0000000770900000, 0x00000007c0000000)
  eden space 65536K, 97% used [0x000000076b400000,0x000000076f277070,0x000000076f400000)
  from space 10752K, 99% used [0x000000076f400000,0x000000076fe7c260,0x000000076fe80000)
  to   space 10752K, 0% used [0x000000076fe80000,0x000000076fe80000,0x0000000770900000)
 ParOldGen       total 175104K, used 21732K [0x00000006c1c00000, 0x00000006cc700000, 0x000000076b400000)
  object space 175104K, 12% used [0x00000006c1c00000,0x00000006c3139378,0x00000006cc700000)
 Metaspace       used 17089K, capacity 17389K, committed 17536K, reserved 1064960K
  class space    used 1763K, capacity 1862K, committed 1920K, reserved 1048576K
Event: 3.219 GC heap after
Heap after GC invocations=2 (full 0):
 PSYoungGen      total 76288K, used 6551K [0x000000076b400000, 0x0000000774900000, 0x00000007c0000000)
  eden space 65536K, 0% used [0x000000076b400000,0x000000076b400000,0x000000076f400000)
  from space 10752K, 60% used [0x000000076fe80000,0x00000007704e5f10,0x0000000770900000)
  to   space 10752K, 0% used [0x000000076f400000,0x000000076f400000,0x000000076fe80000)
 ParOldGen       total 175104K, used 30142K [0x00000006c1c00000, 0x00000006cc700000, 0x000000076b400000)
  object space 175104K, 17% used [0x00000006c1c00000,0x00000006c396fa78,0x00000006cc700000)
 Metaspace       used 17089K, capacity 17389K, committed 17536K, reserved 1064960K
  class space    used 1763K, capacity 1862K, committed 1920K, reserved 1048576K
}
Event: 3.364 GC heap before
{Heap before GC invocations=3 (full 0):
 PSYoungGen      total 76288K, used 69390K [0x000000076b400000, 0x0000000774900000, 0x00000007c0000000)
  eden space 65536K, 95% used [0x000000076b400000,0x000000076f15d930,0x000000076f400000)
  from space 10752K, 60% used [0x000000076fe80000,0x00000007704e5f10,0x0000000770900000)
  to   space 10752K, 0% used [0x000000076f400000,0x000000076f400000,0x000000076fe80000)
 ParOldGen       total 175104K, used 30142K [0x00000006c1c00000, 0x00000006cc700000, 0x000000076b400000)
  object space 175104K, 17% used [0x00000006c1c00000,0x00000006c396fa78,0x00000006cc700000)
 Metaspace       used 17096K, capacity 17389K, committed 17536K, reserved 1064960K
  class space    used 1764K, capacity 1862K, committed 1920K, reserved 1048576K
Event: 3.366 GC heap after
Heap after GC invocations=3 (full 0):
 PSYoungGen      total 76288K, used 2382K [0x000000076b400000, 0x0000000774900000, 0x00000007c0000000)
  eden space 65536K, 0% used [0x000000076b400000,0x000000076b400000,0x000000076f400000)
  from space 10752K, 22% used [0x000000076f400000,0x000000076f653b70,0x000000076fe80000)
  to   space 10752K, 0% used [0x0000000773e80000,0x0000000773e80000,0x0000000774900000)
 ParOldGen       total 175104K, used 30150K [0x00000006c1c00000, 0x00000006cc700000, 0x000000076b400000)
  object space 175104K, 17% used [0x00000006c1c00000,0x00000006c3971a78,0x00000006cc700000)
 Metaspace       used 17096K, capacity 17389K, committed 17536K, reserved 1064960K
  class space    used 1764K, capacity 1862K, committed 1920K, reserved 1048576K
}
Event: 3.513 GC heap before
{Heap before GC invocations=4 (full 0):
 PSYoungGen      total 76288K, used 67918K [0x000000076b400000, 0x0000000774900000, 0x00000007c0000000)
  eden space 65536K, 100% used [0x000000076b400000,0x000000076f400000,0x000000076f400000)
  from space 10752K, 22% used [0x000000076f400000,0x000000076f653b70,0x000000076fe80000)
  to   space 10752K, 0% used [0x0000000773e80000,0x0000000773e80000,0x0000000774900000)
 ParOldGen       total 175104K, used 30150K [0x00000006c1c00000, 0x00000006cc700000, 0x000000076b400000)
  object space 175104K, 17% used [0x00000006c1c00000,0x00000006c3971a78,0x00000006cc700000)
 Metaspace       used 17097K, capacity 17389K, committed 17536K, reserved 1064960K
  class space    used 1764K, capacity 1862K, committed 1920K, reserved 1048576K
Event: 3.518 GC heap after
Heap after GC invocations=4 (full 0):
 PSYoungGen      total 141824K, used 10720K [0x000000076b400000, 0x0000000774900000, 0x00000007c0000000)
  eden space 131072K, 0% used [0x000000076b400000,0x000000076b400000,0x0000000773400000)
  from space 10752K, 99% used [0x0000000773e80000,0x00000007748f8280,0x0000000774900000)
  to   space 10752K, 0% used [0x0000000773400000,0x0000000773400000,0x0000000773e80000)
 ParOldGen       total 175104K, used 34383K [0x00000006c1c00000, 0x00000006cc700000, 0x000000076b400000)
  object space 175104K, 19% used [0x00000006c1c00000,0x00000006c3d93e00,0x00000006cc700000)
 Metaspace       used 17097K, capacity 17389K, committed 17536K, reserved 1064960K
  class space    used 1764K, capacity 1862K, committed 1920K, reserved 1048576K
}

Deoptimization events (10 events):
Event: 2.991 Thread 0x0000000002664800 Uncommon trap: reason=predicate action=maybe_recompile pc=0x0000000002b30698 method=java.awt.image.BufferedImage.getRGB(IIII[III)[I @ 181
Event: 2.991 Thread 0x0000000002664800 Uncommon trap: reason=unstable_if action=reinterpret pc=0x0000000002a602a4 method=java.awt.image.DirectColorModel.getsRGBComponentFromsRGB(II)I @ 20
Event: 2.991 Thread 0x0000000002664800 Uncommon trap: reason=class_check action=maybe_recompile pc=0x0000000002b13e00 method=java.awt.image.BufferedImage.getRGB(IIII[III)[I @ 202
Event: 2.992 Thread 0x0000000002664800 Uncommon trap: reason=class_check action=maybe_recompile pc=0x0000000002b13e00 method=java.awt.image.BufferedImage.getRGB(IIII[III)[I @ 202
Event: 2.992 Thread 0x0000000002664800 Uncommon trap: reason=class_check action=maybe_recompile pc=0x0000000002b13e00 method=java.awt.image.BufferedImage.getRGB(IIII[III)[I @ 202
Event: 2.992 Thread 0x0000000002664800 Uncommon trap: reason=class_check action=maybe_recompile pc=0x0000000002b13e00 method=java.awt.image.BufferedImage.getRGB(IIII[III)[I @ 202
Event: 3.706 Thread 0x0000000002664800 Uncommon trap: reason=unstable_if action=reinterpret pc=0x0000000002b518fc method=java.io.BufferedInputStream.read1([BII)I @ 22
Event: 3.706 Thread 0x0000000002664800 Uncommon trap: reason=unstable_if action=reinterpret pc=0x0000000002b532f8 method=java.io.BufferedInputStream.read([BII)I @ 104
Event: 4.515 Thread 0x000000001db0f800 Uncommon trap: reason=unstable_if action=reinterpret pc=0x0000000002b9e9e4 method=com.bohdloss.fuckunclejack.input.InputManager.isKeyDown(I)Z @ 11
Event: 6.865 Thread 0x000000001db0f800 Uncommon trap: reason=unstable_if action=reinterpret pc=0x0000000002bdc480 method=com.bohdloss.fuckunclejack.render.CMath.limit(FFF)F @ 14

Classes redefined (0 events):
No events

Internal exceptions (10 events):
Event: 1.698 Thread 0x0000000002664800 Exception <a 'sun/nio/fs/WindowsException'> (0x000000076c418a50) thrown at [C:\jenkins\workspace\8-2-build-windows-amd64-cygwin\jdk8u251\737\hotspot\src\share\vm\prims\jni.cpp, line 710]
Event: 1.714 Thread 0x0000000002664800 Exception <a 'sun/nio/fs/WindowsException'> (0x000000076c45b5f0) thrown at [C:\jenkins\workspace\8-2-build-windows-amd64-cygwin\jdk8u251\737\hotspot\src\share\vm\prims\jni.cpp, line 710]
Event: 1.714 Thread 0x0000000002664800 Exception <a 'sun/nio/fs/WindowsException'> (0x000000076c45bcf8) thrown at [C:\jenkins\workspace\8-2-build-windows-amd64-cygwin\jdk8u251\737\hotspot\src\share\vm\prims\jni.cpp, line 710]
Event: 2.475 Thread 0x0000000002664800 Exception <a 'sun/nio/fs/WindowsException'> (0x000000076c64b268) thrown at [C:\jenkins\workspace\8-2-build-windows-amd64-cygwin\jdk8u251\737\hotspot\src\share\vm\prims\jni.cpp, line 710]
Event: 2.475 Thread 0x0000000002664800 Exception <a 'sun/nio/fs/WindowsException'> (0x000000076c64b9c0) thrown at [C:\jenkins\workspace\8-2-build-windows-amd64-cygwin\jdk8u251\737\hotspot\src\share\vm\prims\jni.cpp, line 710]
Event: 2.517 Thread 0x0000000002664800 Exception <a 'sun/nio/fs/WindowsException'> (0x000000076c749ff8) thrown at [C:\jenkins\workspace\8-2-build-windows-amd64-cygwin\jdk8u251\737\hotspot\src\share\vm\prims\jni.cpp, line 710]
Event: 2.517 Thread 0x0000000002664800 Exception <a 'sun/nio/fs/WindowsException'> (0x000000076c74a760) thrown at [C:\jenkins\workspace\8-2-build-windows-amd64-cygwin\jdk8u251\737\hotspot\src\share\vm\prims\jni.cpp, line 710]
Event: 2.520 Thread 0x0000000002664800 Exception <a 'sun/nio/fs/WindowsException'> (0x000000076c75a5c0) thrown at [C:\jenkins\workspace\8-2-build-windows-amd64-cygwin\jdk8u251\737\hotspot\src\share\vm\prims\jni.cpp, line 710]
Event: 2.520 Thread 0x0000000002664800 Exception <a 'sun/nio/fs/WindowsException'> (0x000000076c75abe0) thrown at [C:\jenkins\workspace\8-2-build-windows-amd64-cygwin\jdk8u251\737\hotspot\src\share\vm\prims\jni.cpp, line 710]
Event: 5.763 Thread 0x000000001e298800 Exception <a 'java/net/ConnectException': Connection refused: connect> (0x000000076de2a178) thrown at [C:\jenkins\workspace\8-2-build-windows-amd64-cygwin\jdk8u251\737\hotspot\src\share\vm\prims\jni.cpp, line 736]

Events (10 events):
Event: 7.243 loading class java/util/WeakHashMap$HashIterator
Event: 7.243 loading class java/util/WeakHashMap$HashIterator done
Event: 7.243 loading class java/util/WeakHashMap$KeyIterator done
Event: 7.243 Thread 0x000000001e662000 Thread exited: 0x000000001e662000
Event: 7.243 Thread 0x000000001e660000 Thread added: 0x000000001e660000
Event: 7.243 Thread 0x000000001e663800 Thread exited: 0x000000001e663800
Event: 7.248 Thread 0x000000001dae3800 Thread exited: 0x000000001dae3800
Event: 7.344 Thread 0x000000001e65e800 Thread exited: 0x000000001e65e800
Event: 7.344 Thread 0x000000001bd80800 Thread exited: 0x000000001bd80800
Event: 7.344 Executing VM operation: Exit


Dynamic libraries:
0x00007ff67bbc0000 - 0x00007ff67bbf7000 	C:\Program Files\Java\jre1.8.0_251\bin\javaw.exe
0x00007ffc22920000 - 0x00007ffc22b10000 	C:\WINDOWS\SYSTEM32\ntdll.dll
0x00007ffc1afd0000 - 0x00007ffc1afe3000 	C:\Program Files\AVAST Software\Avast\aswhook.dll
0x00007ffc21e10000 - 0x00007ffc21ec2000 	C:\WINDOWS\System32\KERNEL32.DLL
0x00007ffc20570000 - 0x00007ffc20814000 	C:\WINDOWS\System32\KERNELBASE.dll
0x00007ffc21470000 - 0x00007ffc21513000 	C:\WINDOWS\System32\ADVAPI32.dll
0x00007ffc20ec0000 - 0x00007ffc20f5e000 	C:\WINDOWS\System32\msvcrt.dll
0x00007ffc222c0000 - 0x00007ffc22357000 	C:\WINDOWS\System32\sechost.dll
0x00007ffc20d30000 - 0x00007ffc20e50000 	C:\WINDOWS\System32\RPCRT4.dll
0x00007ffc20b90000 - 0x00007ffc20d24000 	C:\WINDOWS\System32\USER32.dll
0x00007ffc1fcf0000 - 0x00007ffc1fd11000 	C:\WINDOWS\System32\win32u.dll
0x00007ffc21dd0000 - 0x00007ffc21df6000 	C:\WINDOWS\System32\GDI32.dll
0x00007ffc1fb50000 - 0x00007ffc1fce5000 	C:\WINDOWS\System32\gdi32full.dll
0x00007ffc1fa00000 - 0x00007ffc1fa9e000 	C:\WINDOWS\System32\msvcp_win.dll
0x00007ffc208b0000 - 0x00007ffc209aa000 	C:\WINDOWS\System32\ucrtbase.dll
0x00007ffc05540000 - 0x00007ffc057c4000 	C:\WINDOWS\WinSxS\amd64_microsoft.windows.common-controls_6595b64144ccf1df_6.0.18362.900_none_e6beb9d913147d17\COMCTL32.dll
0x00007ffc21f80000 - 0x00007ffc222b5000 	C:\WINDOWS\System32\combase.dll
0x00007ffc204a0000 - 0x00007ffc20520000 	C:\WINDOWS\System32\bcryptPrimitives.dll
0x00007ffc213d0000 - 0x00007ffc213fe000 	C:\WINDOWS\System32\IMM32.DLL
0x0000000066b10000 - 0x0000000066be2000 	C:\Program Files\Java\jre1.8.0_251\bin\msvcr100.dll
0x0000000065f30000 - 0x00000000667db000 	C:\Program Files\Java\jre1.8.0_251\bin\server\jvm.dll
0x00007ffc21e00000 - 0x00007ffc21e08000 	C:\WINDOWS\System32\PSAPI.DLL
0x00007ffc19bc0000 - 0x00007ffc19bc9000 	C:\WINDOWS\SYSTEM32\WSOCK32.dll
0x00007ffc20e50000 - 0x00007ffc20ebf000 	C:\WINDOWS\System32\WS2_32.dll
0x00007ffc1b320000 - 0x00007ffc1b344000 	C:\WINDOWS\SYSTEM32\WINMM.dll
0x00007ffc1a1a0000 - 0x00007ffc1a1aa000 	C:\WINDOWS\SYSTEM32\VERSION.dll
0x00007ffc1aed0000 - 0x00007ffc1aefd000 	C:\WINDOWS\SYSTEM32\WINMMBASE.dll
0x00007ffc20520000 - 0x00007ffc2056a000 	C:\WINDOWS\System32\cfgmgr32.dll
0x00007ffc1be30000 - 0x00007ffc1be3f000 	C:\Program Files\Java\jre1.8.0_251\bin\verify.dll
0x00007ffc13080000 - 0x00007ffc130a9000 	C:\Program Files\Java\jre1.8.0_251\bin\java.dll
0x00007ffc16170000 - 0x00007ffc16186000 	C:\Program Files\Java\jre1.8.0_251\bin\zip.dll
0x00007ffc215a0000 - 0x00007ffc21c86000 	C:\WINDOWS\System32\SHELL32.dll
0x00007ffc21ed0000 - 0x00007ffc21f79000 	C:\WINDOWS\System32\shcore.dll
0x00007ffc1fd20000 - 0x00007ffc204a0000 	C:\WINDOWS\System32\windows.storage.dll
0x00007ffc1f7f0000 - 0x00007ffc1f813000 	C:\WINDOWS\System32\profapi.dll
0x00007ffc1f820000 - 0x00007ffc1f86a000 	C:\WINDOWS\System32\powrprof.dll
0x00007ffc1f7e0000 - 0x00007ffc1f7f0000 	C:\WINDOWS\System32\UMPDC.dll
0x00007ffc21ca0000 - 0x00007ffc21cf2000 	C:\WINDOWS\System32\shlwapi.dll
0x00007ffc1f890000 - 0x00007ffc1f8a1000 	C:\WINDOWS\System32\kernel.appcore.dll
0x00007ffc209b0000 - 0x00007ffc209c7000 	C:\WINDOWS\System32\cryptsp.dll
0x00007ffc006f0000 - 0x00007ffc0088a000 	C:\Program Files\Java\jre1.8.0_251\bin\awt.dll
0x00007ffc21d00000 - 0x00007ffc21dc5000 	C:\WINDOWS\System32\OLEAUT32.dll
0x00007ffc1cdc0000 - 0x00007ffc1ce4f000 	C:\WINDOWS\SYSTEM32\apphelp.dll
0x00007ffc1d220000 - 0x00007ffc1d2b9000 	C:\WINDOWS\system32\uxtheme.dll
0x00007ffc223c0000 - 0x00007ffc224f5000 	C:\WINDOWS\System32\MSCTF.dll
0x00007ffc22500000 - 0x00007ffc22657000 	C:\WINDOWS\System32\ole32.dll
0x00007ffc1d3a0000 - 0x00007ffc1d3cd000 	C:\WINDOWS\system32\DWMAPI.DLL
0x00007ffc05d40000 - 0x00007ffc05d89000 	C:\Program Files\Java\jre1.8.0_251\bin\fontmanager.dll
0x00007ffbdf7e0000 - 0x00007ffbdf936000 	C:\WINDOWS\system32\opengl32.dll
0x00007ffbdf960000 - 0x00007ffbdf98c000 	C:\WINDOWS\SYSTEM32\GLU32.dll
0x00007ffc1e570000 - 0x00007ffc1e590000 	C:\WINDOWS\SYSTEM32\dxcore.dll
0x00007ffc131b0000 - 0x00007ffc131ca000 	C:\Program Files\Java\jre1.8.0_251\bin\net.dll
0x00007ffc1f050000 - 0x00007ffc1f0b7000 	C:\WINDOWS\system32\mswsock.dll
0x00007ffc126c0000 - 0x00007ffc126d2000 	C:\Program Files\Java\jre1.8.0_251\bin\nio.dll
0x00007ffc051a0000 - 0x00007ffc051e2000 	C:\Program Files\Java\jre1.8.0_251\bin\t2k.dll
0x00007ffc209d0000 - 0x00007ffc20a72000 	C:\WINDOWS\System32\clbcatq.dll
0x00007ffc191e0000 - 0x00007ffc1938f000 	C:\WINDOWS\SYSTEM32\WindowsCodecs.dll
0x00007ffc1be80000 - 0x00007ffc1c0db000 	C:\WINDOWS\system32\d3d11.dll
0x00007ffc1e590000 - 0x00007ffc1e67b000 	C:\WINDOWS\system32\dxgi.dll
0x00007ffc11860000 - 0x00007ffc118fe000 	C:\WINDOWS\System32\TextInputFramework.dll
0x00007ffc19430000 - 0x00007ffc1975a000 	C:\WINDOWS\System32\CoreUIComponents.dll
0x00007ffc1c120000 - 0x00007ffc1c1f4000 	C:\WINDOWS\System32\CoreMessaging.dll
0x00007ffc1e8d0000 - 0x00007ffc1e901000 	C:\WINDOWS\SYSTEM32\ntmarta.dll
0x00007ffc1a8d0000 - 0x00007ffc1aa23000 	C:\WINDOWS\SYSTEM32\wintypes.dll
0x00007ffc0ddc0000 - 0x00007ffc0e066000 	C:\WINDOWS\System32\iertutil.dll
0x00007ffc04430000 - 0x00007ffc04494000 	C:\Users\Antonio\AppData\Local\Temp\lwjglAntonio\3.2.3-build-13\lwjgl.dll
0x00007ffc03120000 - 0x00007ffc03182000 	C:\Users\Antonio\AppData\Local\Temp\lwjglAntonio\3.2.3-build-13\glfw.dll
0x00007ffc1f5e0000 - 0x00007ffc1f60a000 	C:\WINDOWS\SYSTEM32\DEVOBJ.dll
0x00007ffc115f0000 - 0x00007ffc1170b000 	C:\WINDOWS\SYSTEM32\inputhost.dll
0x00007ffc1dec0000 - 0x00007ffc1dfb0000 	C:\WINDOWS\SYSTEM32\PROPSYS.dll
0x00007ffc20f60000 - 0x00007ffc213d0000 	C:\WINDOWS\System32\SETUPAPI.DLL
0x00007ffc20820000 - 0x00007ffc20846000 	C:\WINDOWS\System32\bcrypt.dll
0x00007ffc20850000 - 0x00007ffc208ac000 	C:\WINDOWS\System32\WINTRUST.dll
0x00007ffc1f870000 - 0x00007ffc1f882000 	C:\WINDOWS\System32\MSASN1.dll
0x00007ffc1f8b0000 - 0x00007ffc1f9f9000 	C:\WINDOWS\System32\CRYPT32.dll
0x00007ffbcc020000 - 0x00007ffbce85f000 	C:\WINDOWS\System32\DriverStore\FileRepository\nvami.inf_amd64_46f4551ddde9cccf\nvoglv64.dll
0x00007ffc1e330000 - 0x00007ffc1e343000 	C:\WINDOWS\SYSTEM32\WTSAPI32.dll
0x00007ffbec240000 - 0x00007ffbec4f7000 	C:\WINDOWS\system32\nvspcap64.dll
0x00007ffc1ed90000 - 0x00007ffc1ede6000 	C:\WINDOWS\SYSTEM32\WINSTA.dll
0x00007ffc12c40000 - 0x00007ffc12d42000 	C:\WINDOWS\System32\DriverStore\FileRepository\nvami.inf_amd64_46f4551ddde9cccf\nvldumdx.dll
0x00007ffc178d0000 - 0x00007ffc178ff000 	C:\WINDOWS\SYSTEM32\cryptnet.dll
0x00007ffc1f220000 - 0x00007ffc1f22c000 	C:\WINDOWS\SYSTEM32\cryptbase.dll
0x00007ffc20a80000 - 0x00007ffc20a9d000 	C:\WINDOWS\System32\imagehlp.dll
0x00007ffc1eb60000 - 0x00007ffc1eb93000 	C:\WINDOWS\system32\rsaenh.dll
0x00007ffb98050000 - 0x00007ffb9aa2b000 	C:\WINDOWS\System32\DriverStore\FileRepository\nvami.inf_amd64_46f4551ddde9cccf\nvwgf2umx.dll
0x00007ffbd6b60000 - 0x00007ffbd70b0000 	C:\WINDOWS\SYSTEM32\nvapi64.dll
0x00007ffc1f700000 - 0x00007ffc1f725000 	C:\WINDOWS\SYSTEM32\USERENV.dll
0x00007ffc1ed00000 - 0x00007ffc1ed3a000 	C:\WINDOWS\SYSTEM32\IPHLPAPI.DLL
0x00007ffc21c90000 - 0x00007ffc21c98000 	C:\WINDOWS\System32\NSI.dll
0x00007ffc11920000 - 0x00007ffc11936000 	C:\WINDOWS\SYSTEM32\dhcpcsvc6.DLL
0x00007ffc11900000 - 0x00007ffc1191c000 	C:\WINDOWS\SYSTEM32\dhcpcsvc.DLL
0x00007ffc1edf0000 - 0x00007ffc1eebb000 	C:\WINDOWS\SYSTEM32\DNSAPI.dll
0x00007ffbf9c70000 - 0x00007ffbf9ec3000 	C:\Users\Antonio\AppData\Local\Temp\lwjglAntonio\3.2.3-build-13\jemalloc.dll
0x00007ffc1a650000 - 0x00007ffc1a6fe000 	C:\WINDOWS\SYSTEM32\mscms.dll
0x00007ffc1a440000 - 0x00007ffc1a457000 	C:\WINDOWS\SYSTEM32\ColorAdapterClient.dll
0x00007ffc020f0000 - 0x00007ffc02133000 	C:\WINDOWS\SYSTEM32\icm32.dll
0x00007ffc02090000 - 0x00007ffc020e9000 	C:\Users\Antonio\AppData\Local\Temp\lwjglAntonio\3.2.3-build-13\lwjgl_opengl.dll
0x00007ffc0d750000 - 0x00007ffc0d75a000 	C:\Windows\System32\rasadhlp.dll
0x00007ffc10c30000 - 0x00007ffc10ca7000 	C:\WINDOWS\System32\fwpuclnt.dll
0x00007ffc1e130000 - 0x00007ffc1e324000 	C:\WINDOWS\SYSTEM32\dbghelp.dll

VM Arguments:
jvm_args: -Dfile.encoding=Cp1252 
java_command: com.bohdloss.fuckunclejack.main.Main
java_class_path (initial): C:\Users\Antonio\eclipse-workspace\FuckUncleJack\target\classes;C:\Users\Antonio\eclipse-workspace\FuckUncleJack\src\main\java\json-simple-1.1.1.jar;C:\Users\Antonio\eclipse-workspace\FuckUncleJack\src\main\java\lwjgl-natives-linux.jar;C:\Users\Antonio\eclipse-workspace\FuckUncleJack\src\main\java\lwjgl-natives-macos.jar;C:\Users\Antonio\.m2\repository\org\lwjgl\lwjgl\3.2.3\lwjgl-3.2.3.jar;C:\Users\Antonio\.m2\repository\org\lwjgl\lwjgl-assimp\3.2.3\lwjgl-assimp-3.2.3.jar;C:\Users\Antonio\.m2\repository\org\lwjgl\lwjgl-bgfx\3.2.3\lwjgl-bgfx-3.2.3.jar;C:\Users\Antonio\.m2\repository\org\lwjgl\lwjgl-cuda\3.2.3\lwjgl-cuda-3.2.3.jar;C:\Users\Antonio\.m2\repository\org\lwjgl\lwjgl-egl\3.2.3\lwjgl-egl-3.2.3.jar;C:\Users\Antonio\.m2\repository\org\lwjgl\lwjgl-glfw\3.2.3\lwjgl-glfw-3.2.3.jar;C:\Users\Antonio\.m2\repository\org\lwjgl\lwjgl-jawt\3.2.3\lwjgl-jawt-3.2.3.jar;C:\Users\Antonio\.m2\repository\org\lwjgl\lwjgl-jemalloc\3.2.3\lwjgl-jemalloc-3.2.3.jar;C:\Users\Antonio\.m2\repository\org\lwjgl\lwjgl-libdivide\3.2.3\lwjgl-libdivide-3.2.3.jar;C:\Users\Antonio\.m2\repository\org\lwjgl\lwjgl-llvm\3.2.3\lwjgl-llvm-3.2.3.jar;C:\Users\Antonio\.m2\repository\org\lwjgl\lwjgl-lmdb\3.2.3\lwjgl-lmdb-3.2.3.jar;C:\Users\Antonio\.m2\repository\org\lwjgl\lwjgl-lz4\3.2.3\lwjgl-lz4-3.2.3.jar;C:\Users\Antonio\.m2\repository\org\lwjgl\lwjgl-meow\3.2.3\lwjgl-meow-3.2.3.jar;C:\Users\Antonio\.m2\repository\org\lwjgl\lwjgl-nanovg\3.2.3\lwjgl-nanovg-3.2.3.jar;C:\Users\Antonio\.m2\repository\org\lwjgl\lwjgl-nfd\3.2.3\lwjgl-nfd-3.2.3.jar;C:\Users\Antonio\.m2\repository\org\lwjgl\lwjgl-nuklear\3.2.3\lwjgl-nuklear-3.2.3.jar;C:\Users\Antonio\.m2\repository\org\lwjgl\lwjgl-odbc\3.2.3\lwjgl-odbc-3.2.3.jar;C:\Users\Antonio\.m2\repository\org\lwjgl\lwjgl-openal\3.2.3\lwjgl-openal-3.2.3.jar;C:\Users\Antonio\.m2\repository\org\lwjgl\lwjgl-opencl\3.2.3\lwjgl-opencl-3.2.3.jar;C:\Users\Antonio\.m2\repository\org\lwjgl\lwjgl-opengl\3.2.3\lwjgl-opengl-3.2.3.jar;C:\Users\Antonio\.m2
Launcher Type: SUN_STANDARD

Environment Variables:
PATH=C:/Program Files/Java/jre1.8.0_251/bin/server;C:/Program Files/Java/jre1.8.0_251/bin;C:/Program Files/Java/jre1.8.0_251/lib/amd64;C:\ProgramData\Anaconda2;C:\ProgramData\Anaconda2\Library\mingw-w64\bin;C:\ProgramData\Anaconda2\Library\usr\bin;C:\ProgramData\Anaconda2\Library\bin;C:\ProgramData\Anaconda2\Scripts;C:\ProgramData\Anaconda3;C:\ProgramData\Anaconda3\Library\mingw-w64\bin;C:\ProgramData\Anaconda3\Library\usr\bin;C:\ProgramData\Anaconda3\Library\bin;C:\ProgramData\Anaconda3\Scripts;C:\MinGW\bin;C:\MinGW\libexec\gcc\x86_64-w64-mingw32\9.2.0;C:\Program Files (x86)\Common Files\Oracle\Java\javapath;C:\Windows\system32;C:\Windows;C:\Windows\System32\Wbem;C:\Windows\System32\WindowsPowerShell\v1.0\;C:\Windows\System32\OpenSSH\;C:\Program Files (x86)\NVIDIA Corporation\PhysX\Common;C:\Program Files\NVIDIA Corporation\NVIDIA NvDLISR;C:\Users\Antonio\.dnx\bin;C:\Program Files\Microsoft DNX\Dnvm\;C:\Program Files\Microsoft SQL Server\130\Tools\Binn\;C:\Gradle\gradle-6.0.1\bin;C:\WINDOWS\system32;C:\WINDOWS;C:\WINDOWS\System32\Wbem;C:\WINDOWS\System32\WindowsPowerShell\v1.0\;C:\WINDOWS\System32\OpenSSH\;C:\Program Files\PuTTY\;C:\Users\Antonio\AppData\Local\Programs\Python\Python38\Scripts\;C:\Users\Antonio\AppData\Local\Programs\Python\Python38\;C:\Users\Antonio\AppData\Local\Microsoft\WindowsApps;C:\MinGW\PROGRAM\bin;;C:\Users\Antonio\Desktop;
USERNAME=Antonio
OS=Windows_NT
PROCESSOR_IDENTIFIER=Intel64 Family 6 Model 142 Stepping 9, GenuineIntel



---------------  S Y S T E M  ---------------

OS: Windows 10.0 , 64 bit Build 18362 (10.0.18362.900)

CPU:total 4 (initial active 4) (2 cores per cpu, 2 threads per core) family 6 model 142 stepping 9, cmov, cx8, fxsr, mmx, sse, sse2, sse3, ssse3, sse4.1, sse4.2, popcnt, avx, avx2, aes, clmul, erms, 3dnowpref, lzcnt, ht, tsc, tscinvbit, bmi1, bmi2, adx

Memory: 4k page, physical 16658716k(8108652k free), swap 33042716k(22317716k free)

vm_info: Java HotSpot(TM) 64-Bit Server VM (25.251-b08) for windows-amd64 JRE (1.8.0_251-b08), built on Mar 12 2020 06:31:49 by "" with MS VC++ 10.0 (VS2010)

time: Sat Jul 11 01:51:54 2020
timezone: ora legale Europa occidentale
elapsed time: 7 seconds (0d 0h 0m 7s)

